<?xml version="1.0" encoding="UTF-8"?>
<testng-results skipped="0" failed="0" ignored="0" total="2" passed="2">
  <reporter-output>
  </reporter-output>
  <suite name="Default suite" duration-ms="36421" started-at="2017-10-27T18:57:43Z" finished-at="2017-10-27T18:58:20Z">
    <groups>
    </groups>
    <test name="Default test" duration-ms="36421" started-at="2017-10-27T18:57:43Z" finished-at="2017-10-27T18:58:20Z">
      <class name="Academy.HomePage">
        <test-method status="PASS" signature="initialize()[pri:0, instance:Academy.HomePage@623a8092]" name="initialize" is-config="true" duration-ms="10090" started-at="2017-10-27T11:57:43Z" finished-at="2017-10-27T11:57:54Z">
          <reporter-output>
          </reporter-output>
        </test-method> <!-- initialize -->
        <test-method status="PASS" signature="basePageNavigation(java.lang.String, java.lang.String, java.lang.String)[pri:0, instance:Academy.HomePage@623a8092]" name="basePageNavigation" duration-ms="21339" started-at="2017-10-27T11:57:54Z" data-provider="getData" finished-at="2017-10-27T11:58:15Z">
          <params>
            <param index="0">
              <value>
                <![CDATA[nonrestricteduser@qw.com]]>
              </value>
            </param>
            <param index="1">
              <value>
                <![CDATA[123456]]>
              </value>
            </param>
            <param index="2">
              <value>
                <![CDATA[Restrcited User]]>
              </value>
            </param>
          </params>
          <reporter-output>
          </reporter-output>
        </test-method> <!-- basePageNavigation -->
        <test-method status="PASS" signature="basePageNavigation(java.lang.String, java.lang.String, java.lang.String)[pri:0, instance:Academy.HomePage@623a8092]" name="basePageNavigation" duration-ms="4721" started-at="2017-10-27T11:58:15Z" data-provider="getData" finished-at="2017-10-27T11:58:20Z">
          <params>
            <param index="0">
              <value>
                <![CDATA[restricteduser@qw.com]]>
              </value>
            </param>
            <param index="1">
              <value>
                <![CDATA[456788]]>
              </value>
            </param>
            <param index="2">
              <value>
                <![CDATA[Non restricted user]]>
              </value>
            </param>
          </params>
          <reporter-output>
          </reporter-output>
        </test-method> <!-- basePageNavigation -->
        <test-method status="PASS" signature="teardown()[pri:0, instance:Academy.HomePage@623a8092]" name="teardown" is-config="true" duration-ms="234" started-at="2017-10-27T11:58:20Z" finished-at="2017-10-27T11:58:20Z">
          <reporter-output>
          </reporter-output>
        </test-method> <!-- teardown -->
      </class> <!-- Academy.HomePage -->
    </test> <!-- Default test -->
  </suite> <!-- Default suite -->
</testng-results>
